<?xml version="1.0" encoding="UTF-8"?>
<!-- Generated by org.testng.reporters.JUnitReportReporter -->
<testsuite hostname="MIGHTYSURYA11" failures="0" tests="6" name="APITesting.DummyJsonCarts" time="7.497" errors="0" timestamp="2024-07-20T14:34:06 IST" skipped="0">
  <testcase classname="APITesting.DummyJsonCarts" name="DeleteCart" time="2.690"/>
  <system-out/>
  <testcase classname="APITesting.DummyJsonCarts" name="SingleCart" time="0.878"/>
  <system-out/>
  <testcase classname="APITesting.DummyJsonCarts" name="UpdateCarts" time="1.112"/>
  <system-out/>
  <testcase classname="APITesting.DummyJsonCarts" name="GetCartsByUser" time="0.882"/>
  <system-out/>
  <testcase classname="APITesting.DummyJsonCarts" name="addCart" time="0.926"/>
  <system-out/>
  <testcase classname="APITesting.DummyJsonCarts" name="getAllCarts" time="1.009"/>
  <system-out/>
</testsuite> <!-- APITesting.DummyJsonCarts -->
