<?xml version="1.0" encoding="UTF-8"?>
<!-- Generated by org.testng.reporters.JUnitReportReporter -->
<testsuite hostname="MIGHTYSURYA11" failures="0" tests="2" name="Test.RunnerFile" time="16.138" errors="0" timestamp="2024-07-19T14:30:32 IST" skipped="1">
  <testcase classname="Test.RunnerFile" name="mp3" time="16.138"/>
  <testcase classname="Test.RunnerFile" name="signup">
    <skipped/>
  </testcase> <!-- signup -->
</testsuite> <!-- Test.RunnerFile -->
